#
# There is insufficient memory for the Java Runtime Environment to continue.
# Native memory allocation (malloc) failed to allocate 795136 bytes for Chunk::new
# Possible reasons:
#   The system is out of physical RAM or swap space
#   The process is running with CompressedOops enabled, and the Java Heap may be blocking the growth of the native heap
# Possible solutions:
#   Reduce memory load on the system
#   Increase physical memory or swap space
#   Check if swap backing store is full
#   Decrease Java heap size (-Xmx/-Xms)
#   Decrease number of Java threads
#   Decrease Java thread stack sizes (-Xss)
#   Set larger code cache with -XX:ReservedCodeCacheSize=
#   JVM is running with Unscaled Compressed Oops mode in which the Java heap is
#     placed in the first 4GB address space. The Java Heap base address is the
#     maximum limit for the native heap growth. Please use -XX:HeapBaseMinAddress
#     to set the Java Heap base and to place the Java Heap above 4GB virtual address.
# This output file may be truncated or incomplete.
#
#  Out of Memory Error (./src/hotspot/share/memory/arena.cpp:197), pid=17228, tid=10852
#
# JRE version: OpenJDK Runtime Environment (11.0.11+9) (build 11.0.11+9-LTS)
# Java VM: OpenJDK 64-Bit Server VM (11.0.11+9-LTS, mixed mode, tiered, compressed oops, g1 gc, windows-amd64)
# No core dump will be written. Minidumps are not enabled by default on client versions of Windows
#

---------------  S U M M A R Y ------------

Command Line: -Dfile.encoding=Cp1252 Shapes

Host: Intel(R) Core(TM) i3-4130T CPU @ 2.90GHz, 4 cores, 3G,  Windows 10 , 64 bit Build 19041 (10.0.19041.928)
Time: Sat May 29 17:26:50 2021 W. Europe Summer Time elapsed time: 2.070972 seconds (0d 0h 0m 2s)

---------------  T H R E A D  ---------------

Current thread (0x0000020142745800):  JavaThread "C2 CompilerThread0" daemon [_thread_in_native, id=10852, stack(0x000000ce90400000,0x000000ce90500000)]


Current CompileTask:
C2:   2071  870   !   4       com.sun.javafx.css.ParsedValueImpl::readBinary (688 bytes)

Stack: [0x000000ce90400000,0x000000ce90500000]
Native frames: (J=compiled Java code, j=interpreted, Vv=VM code, C=native code)
V  [jvm.dll+0x5f7e3a]
V  [jvm.dll+0x77ff0e]
V  [jvm.dll+0x7815df]
V  [jvm.dll+0x781ca3]
V  [jvm.dll+0x247408]
V  [jvm.dll+0xbe69c]
V  [jvm.dll+0xbed9c]
V  [jvm.dll+0x2b6664]
V  [jvm.dll+0x509549]
V  [jvm.dll+0x202487]
V  [jvm.dll+0x1ffe4f]
V  [jvm.dll+0x184f1c]
V  [jvm.dll+0x20f3e7]
V  [jvm.dll+0x20d5cb]
V  [jvm.dll+0x7442d9]
V  [jvm.dll+0x73d344]
V  [jvm.dll+0x5f6cb6]
C  [ucrtbase.dll+0x21bb2]
C  [KERNEL32.DLL+0x17034]
C  [ntdll.dll+0x52651]


---------------  P R O C E S S  ---------------

Threads class SMR info:
_java_thread_list=0x0000020143736a70, length=15, elements={
0x0000020122ebd000, 0x0000020142703800, 0x000002014272d800, 0x000002014278f800,
0x0000020142791800, 0x0000020142793000, 0x0000020142745800, 0x00000201427a4800,
0x0000020143102800, 0x0000020143228800, 0x0000020143544000, 0x0000020143afb000,
0x0000020143580800, 0x0000020143a1f800, 0x0000020143739000
}

Java Threads: ( => current thread )
  0x0000020122ebd000 JavaThread "main" [_thread_blocked, id=18640, stack(0x000000ce8f800000,0x000000ce8f900000)]
  0x0000020142703800 JavaThread "Reference Handler" daemon [_thread_blocked, id=15712, stack(0x000000ce8ff00000,0x000000ce90000000)]
  0x000002014272d800 JavaThread "Finalizer" daemon [_thread_blocked, id=18836, stack(0x000000ce90000000,0x000000ce90100000)]
  0x000002014278f800 JavaThread "Signal Dispatcher" daemon [_thread_blocked, id=20640, stack(0x000000ce90100000,0x000000ce90200000)]
  0x0000020142791800 JavaThread "Attach Listener" daemon [_thread_blocked, id=19260, stack(0x000000ce90200000,0x000000ce90300000)]
  0x0000020142793000 JavaThread "Service Thread" daemon [_thread_blocked, id=19768, stack(0x000000ce90300000,0x000000ce90400000)]
=>0x0000020142745800 JavaThread "C2 CompilerThread0" daemon [_thread_in_native, id=10852, stack(0x000000ce90400000,0x000000ce90500000)]
  0x00000201427a4800 JavaThread "C1 CompilerThread0" daemon [_thread_blocked, id=5148, stack(0x000000ce90500000,0x000000ce90600000)]
  0x0000020143102800 JavaThread "Sweeper thread" daemon [_thread_blocked, id=11620, stack(0x000000ce90600000,0x000000ce90700000)]
  0x0000020143228800 JavaThread "Common-Cleaner" daemon [_thread_blocked, id=6092, stack(0x000000ce90800000,0x000000ce90900000)]
  0x0000020143544000 JavaThread "QuantumRenderer-0" daemon [_thread_blocked, id=16360, stack(0x000000ce90900000,0x000000ce90a00000)]
  0x0000020143afb000 JavaThread "InvokeLaterDispatcher" daemon [_thread_blocked, id=13748, stack(0x000000ce90a00000,0x000000ce90b00000)]
  0x0000020143580800 JavaThread "JavaFX Application Thread" [_thread_in_vm, id=20568, stack(0x000000ce90b00000,0x000000ce90c00000)]
  0x0000020143a1f800 JavaThread "Thread-1" daemon [_thread_in_native, id=18444, stack(0x000000ce90f00000,0x000000ce91000000)]
  0x0000020143739000 JavaThread "JavaFX-Launcher" [_thread_blocked, id=16212, stack(0x000000ce91000000,0x000000ce91100000)]

Other Threads:
  0x0000020142701000 VMThread "VM Thread" [stack: 0x000000ce8fe00000,0x000000ce8ff00000] [id=19664]
  0x0000020143222800 WatcherThread [stack: 0x000000ce90700000,0x000000ce90800000] [id=16472]
  0x0000020125001000 GCTaskThread "GC Thread#0" [stack: 0x000000ce8f900000,0x000000ce8fa00000] [id=11428]
  0x000002012501d800 ConcurrentGCThread "G1 Main Marker" [stack: 0x000000ce8fa00000,0x000000ce8fb00000] [id=836]
  0x0000020125020000 ConcurrentGCThread "G1 Conc#0" [stack: 0x000000ce8fb00000,0x000000ce8fc00000] [id=16116]
  0x0000020125069000 ConcurrentGCThread "G1 Refine#0" [stack: 0x000000ce8fc00000,0x000000ce8fd00000] [id=12936]
  0x000002012506c000 ConcurrentGCThread "G1 Young RemSet Sampling" [stack: 0x000000ce8fd00000,0x000000ce8fe00000] [id=21224]

Threads with active compile tasks:
C2 CompilerThread0   2112  870   !   4       com.sun.javafx.css.ParsedValueImpl::readBinary (688 bytes)

VM state:not at safepoint (normal execution)

VM Mutex/Monitor currently owned by a thread: None

Heap address: 0x00000000c2000000, size: 992 MB, Compressed Oops mode: 32-bit
Narrow klass base: 0x0000000000000000, Narrow klass shift: 3
Compressed class space size: 1073741824 Address: 0x0000000100000000

Heap:
 garbage-first heap   total 63488K, used 10240K [0x00000000c2000000, 0x0000000100000000)
  region size 1024K, 11 young (11264K), 0 survivors (0K)
 Metaspace       used 12358K, capacity 12713K, committed 12800K, reserved 1062912K
  class space    used 1346K, capacity 1510K, committed 1536K, reserved 1048576K
Heap Regions: E=young(eden), S=young(survivor), O=old, HS=humongous(starts), HC=humongous(continues), CS=collection set, F=free, A=archive, TAMS=top-at-mark-start (previous, next)
|   0|0x00000000c2000000, 0x00000000c2000000, 0x00000000c2100000|  0%| F|  |TAMS 0x00000000c2000000, 0x00000000c2000000| Untracked 
|   1|0x00000000c2100000, 0x00000000c2100000, 0x00000000c2200000|  0%| F|  |TAMS 0x00000000c2100000, 0x00000000c2100000| Untracked 
|   2|0x00000000c2200000, 0x00000000c2200000, 0x00000000c2300000|  0%| F|  |TAMS 0x00000000c2200000, 0x00000000c2200000| Untracked 
|   3|0x00000000c2300000, 0x00000000c2300000, 0x00000000c2400000|  0%| F|  |TAMS 0x00000000c2300000, 0x00000000c2300000| Untracked 
|   4|0x00000000c2400000, 0x00000000c2400000, 0x00000000c2500000|  0%| F|  |TAMS 0x00000000c2400000, 0x00000000c2400000| Untracked 
|   5|0x00000000c2500000, 0x00000000c2500000, 0x00000000c2600000|  0%| F|  |TAMS 0x00000000c2500000, 0x00000000c2500000| Untracked 
|   6|0x00000000c2600000, 0x00000000c2600000, 0x00000000c2700000|  0%| F|  |TAMS 0x00000000c2600000, 0x00000000c2600000| Untracked 
|   7|0x00000000c2700000, 0x00000000c2700000, 0x00000000c2800000|  0%| F|  |TAMS 0x00000000c2700000, 0x00000000c2700000| Untracked 
|   8|0x00000000c2800000, 0x00000000c2800000, 0x00000000c2900000|  0%| F|  |TAMS 0x00000000c2800000, 0x00000000c2800000| Untracked 
|   9|0x00000000c2900000, 0x00000000c2900000, 0x00000000c2a00000|  0%| F|  |TAMS 0x00000000c2900000, 0x00000000c2900000| Untracked 
|  10|0x00000000c2a00000, 0x00000000c2a00000, 0x00000000c2b00000|  0%| F|  |TAMS 0x00000000c2a00000, 0x00000000c2a00000| Untracked 
|  11|0x00000000c2b00000, 0x00000000c2b00000, 0x00000000c2c00000|  0%| F|  |TAMS 0x00000000c2b00000, 0x00000000c2b00000| Untracked 
|  12|0x00000000c2c00000, 0x00000000c2c00000, 0x00000000c2d00000|  0%| F|  |TAMS 0x00000000c2c00000, 0x00000000c2c00000| Untracked 
|  13|0x00000000c2d00000, 0x00000000c2d00000, 0x00000000c2e00000|  0%| F|  |TAMS 0x00000000c2d00000, 0x00000000c2d00000| Untracked 
|  14|0x00000000c2e00000, 0x00000000c2e00000, 0x00000000c2f00000|  0%| F|  |TAMS 0x00000000c2e00000, 0x00000000c2e00000| Untracked 
|  15|0x00000000c2f00000, 0x00000000c2f00000, 0x00000000c3000000|  0%| F|  |TAMS 0x00000000c2f00000, 0x00000000c2f00000| Untracked 
|  16|0x00000000c3000000, 0x00000000c3000000, 0x00000000c3100000|  0%| F|  |TAMS 0x00000000c3000000, 0x00000000c3000000| Untracked 
|  17|0x00000000c3100000, 0x00000000c3100000, 0x00000000c3200000|  0%| F|  |TAMS 0x00000000c3100000, 0x00000000c3100000| Untracked 
|  18|0x00000000c3200000, 0x00000000c3200000, 0x00000000c3300000|  0%| F|  |TAMS 0x00000000c3200000, 0x00000000c3200000| Untracked 
|  19|0x00000000c3300000, 0x00000000c3300000, 0x00000000c3400000|  0%| F|  |TAMS 0x00000000c3300000, 0x00000000c3300000| Untracked 
|  20|0x00000000c3400000, 0x00000000c3400000, 0x00000000c3500000|  0%| F|  |TAMS 0x00000000c3400000, 0x00000000c3400000| Untracked 
|  21|0x00000000c3500000, 0x00000000c3500000, 0x00000000c3600000|  0%| F|  |TAMS 0x00000000c3500000, 0x00000000c3500000| Untracked 
|  22|0x00000000c3600000, 0x00000000c3600000, 0x00000000c3700000|  0%| F|  |TAMS 0x00000000c3600000, 0x00000000c3600000| Untracked 
|  23|0x00000000c3700000, 0x00000000c3700000, 0x00000000c3800000|  0%| F|  |TAMS 0x00000000c3700000, 0x00000000c3700000| Untracked 
|  24|0x00000000c3800000, 0x00000000c3800000, 0x00000000c3900000|  0%| F|  |TAMS 0x00000000c3800000, 0x00000000c3800000| Untracked 
|  25|0x00000000c3900000, 0x00000000c3900000, 0x00000000c3a00000|  0%| F|  |TAMS 0x00000000c3900000, 0x00000000c3900000| Untracked 
|  26|0x00000000c3a00000, 0x00000000c3a00000, 0x00000000c3b00000|  0%| F|  |TAMS 0x00000000c3a00000, 0x00000000c3a00000| Untracked 
|  27|0x00000000c3b00000, 0x00000000c3b00000, 0x00000000c3c00000|  0%| F|  |TAMS 0x00000000c3b00000, 0x00000000c3b00000| Untracked 
|  28|0x00000000c3c00000, 0x00000000c3c00000, 0x00000000c3d00000|  0%| F|  |TAMS 0x00000000c3c00000, 0x00000000c3c00000| Untracked 
|  29|0x00000000c3d00000, 0x00000000c3d00000, 0x00000000c3e00000|  0%| F|  |TAMS 0x00000000c3d00000, 0x00000000c3d00000| Untracked 
|  30|0x00000000c3e00000, 0x00000000c3e00000, 0x00000000c3f00000|  0%| F|  |TAMS 0x00000000c3e00000, 0x00000000c3e00000| Untracked 
|  31|0x00000000c3f00000, 0x00000000c3f00000, 0x00000000c4000000|  0%| F|  |TAMS 0x00000000c3f00000, 0x00000000c3f00000| Untracked 
|  32|0x00000000c4000000, 0x00000000c4000000, 0x00000000c4100000|  0%| F|  |TAMS 0x00000000c4000000, 0x00000000c4000000| Untracked 
|  33|0x00000000c4100000, 0x00000000c4100000, 0x00000000c4200000|  0%| F|  |TAMS 0x00000000c4100000, 0x00000000c4100000| Untracked 
|  34|0x00000000c4200000, 0x00000000c4200000, 0x00000000c4300000|  0%| F|  |TAMS 0x00000000c4200000, 0x00000000c4200000| Untracked 
|  35|0x00000000c4300000, 0x00000000c4300000, 0x00000000c4400000|  0%| F|  |TAMS 0x00000000c4300000, 0x00000000c4300000| Untracked 
|  36|0x00000000c4400000, 0x00000000c4400000, 0x00000000c4500000|  0%| F|  |TAMS 0x00000000c4400000, 0x00000000c4400000| Untracked 
|  37|0x00000000c4500000, 0x00000000c4500000, 0x00000000c4600000|  0%| F|  |TAMS 0x00000000c4500000, 0x00000000c4500000| Untracked 
|  38|0x00000000c4600000, 0x00000000c4600000, 0x00000000c4700000|  0%| F|  |TAMS 0x00000000c4600000, 0x00000000c4600000| Untracked 
|  39|0x00000000c4700000, 0x00000000c4700000, 0x00000000c4800000|  0%| F|  |TAMS 0x00000000c4700000, 0x00000000c4700000| Untracked 
|  40|0x00000000c4800000, 0x00000000c4800000, 0x00000000c4900000|  0%| F|  |TAMS 0x00000000c4800000, 0x00000000c4800000| Untracked 
|  41|0x00000000c4900000, 0x00000000c4900000, 0x00000000c4a00000|  0%| F|  |TAMS 0x00000000c4900000, 0x00000000c4900000| Untracked 
|  42|0x00000000c4a00000, 0x00000000c4a00000, 0x00000000c4b00000|  0%| F|  |TAMS 0x00000000c4a00000, 0x00000000c4a00000| Untracked 
|  43|0x00000000c4b00000, 0x00000000c4b00000, 0x00000000c4c00000|  0%| F|  |TAMS 0x00000000c4b00000, 0x00000000c4b00000| Untracked 
|  44|0x00000000c4c00000, 0x00000000c4c00000, 0x00000000c4d00000|  0%| F|  |TAMS 0x00000000c4c00000, 0x00000000c4c00000| Untracked 
|  45|0x00000000c4d00000, 0x00000000c4d00000, 0x00000000c4e00000|  0%| F|  |TAMS 0x00000000c4d00000, 0x00000000c4d00000| Untracked 
|  46|0x00000000c4e00000, 0x00000000c4e00000, 0x00000000c4f00000|  0%| F|  |TAMS 0x00000000c4e00000, 0x00000000c4e00000| Untracked 
|  47|0x00000000c4f00000, 0x00000000c4f00000, 0x00000000c5000000|  0%| F|  |TAMS 0x00000000c4f00000, 0x00000000c4f00000| Untracked 
|  48|0x00000000c5000000, 0x00000000c5000000, 0x00000000c5100000|  0%| F|  |TAMS 0x00000000c5000000, 0x00000000c5000000| Untracked 
|  49|0x00000000c5100000, 0x00000000c5100000, 0x00000000c5200000|  0%| F|  |TAMS 0x00000000c5100000, 0x00000000c5100000| Untracked 
|  50|0x00000000c5200000, 0x00000000c5200000, 0x00000000c5300000|  0%| F|  |TAMS 0x00000000c5200000, 0x00000000c5200000| Untracked 
|  51|0x00000000c5300000, 0x00000000c5400000, 0x00000000c5400000|100%| E|  |TAMS 0x00000000c5300000, 0x00000000c5300000| Complete 
|  52|0x00000000c5400000, 0x00000000c5500000, 0x00000000c5500000|100%| E|CS|TAMS 0x00000000c5400000, 0x00000000c5400000| Complete 
|  53|0x00000000c5500000, 0x00000000c5600000, 0x00000000c5600000|100%| E|CS|TAMS 0x00000000c5500000, 0x00000000c5500000| Complete 
|  54|0x00000000c5600000, 0x00000000c5700000, 0x00000000c5700000|100%| E|CS|TAMS 0x00000000c5600000, 0x00000000c5600000| Complete 
|  55|0x00000000c5700000, 0x00000000c5800000, 0x00000000c5800000|100%| E|CS|TAMS 0x00000000c5700000, 0x00000000c5700000| Complete 
|  56|0x00000000c5800000, 0x00000000c5900000, 0x00000000c5900000|100%| E|CS|TAMS 0x00000000c5800000, 0x00000000c5800000| Complete 
|  57|0x00000000c5900000, 0x00000000c5a00000, 0x00000000c5a00000|100%| E|CS|TAMS 0x00000000c5900000, 0x00000000c5900000| Complete 
|  58|0x00000000c5a00000, 0x00000000c5b00000, 0x00000000c5b00000|100%| E|CS|TAMS 0x00000000c5a00000, 0x00000000c5a00000| Complete 
|  59|0x00000000c5b00000, 0x00000000c5c00000, 0x00000000c5c00000|100%| E|CS|TAMS 0x00000000c5b00000, 0x00000000c5b00000| Complete 
|  60|0x00000000c5c00000, 0x00000000c5d00000, 0x00000000c5d00000|100%| E|CS|TAMS 0x00000000c5c00000, 0x00000000c5c00000| Complete 
|  61|0x00000000c5d00000, 0x00000000c5e00000, 0x00000000c5e00000|100%| E|CS|TAMS 0x00000000c5d00000, 0x00000000c5d00000| Complete 

Card table byte_map: [0x000002013dfa0000,0x000002013e190000] _byte_map_base: 0x000002013d990000

Marking Bits (Prev, Next): (CMBitMap*) 0x0000020125018ef8, (CMBitMap*) 0x0000020125018f30
 Prev Bits: [0x000002013e380000, 0x000002013f300000)
 Next Bits: [0x000002013f300000, 0x0000020140280000)

Polling page: 0x00000201247c0000

Metaspace:

Usage:
  Non-class:     10.94 MB capacity,    10.79 MB ( 99%) used,   123.91 KB (  1%) free+waste,    29.88 KB ( <1%) overhead. 
      Class:      1.47 MB capacity,     1.32 MB ( 90%) used,   141.53 KB (  9%) free+waste,    15.63 KB (  1%) overhead. 
       Both:     12.42 MB capacity,    12.11 MB ( 98%) used,   265.45 KB (  2%) free+waste,    45.50 KB ( <1%) overhead. 

Virtual space:
  Non-class space:       14.00 MB reserved,      11.00 MB ( 79%) committed 
      Class space:        1.00 GB reserved,       1.50 MB ( <1%) committed 
             Both:        1.01 GB reserved,      12.50 MB (  1%) committed 

Chunk freelists:
   Non-Class:  61.00 KB
       Class:  26.00 KB
        Both:  87.00 KB

MaxMetaspaceSize: 17179869184.00 GB
CompressedClassSpaceSize: 1.00 GB

CodeHeap 'non-profiled nmethods': size=120064Kb used=279Kb max_used=279Kb free=119784Kb
 bounds [0x0000020136870000, 0x0000020136ae0000, 0x000002013ddb0000]
CodeHeap 'profiled nmethods': size=120000Kb used=1628Kb max_used=1628Kb free=118371Kb
 bounds [0x000002012f340000, 0x000002012f5b0000, 0x0000020136870000]
CodeHeap 'non-nmethods': size=5696Kb used=1170Kb max_used=1170Kb free=4525Kb
 bounds [0x000002012edb0000, 0x000002012f020000, 0x000002012f340000]
 total_blobs=1409 nmethods=886 adapters=434
 compilation: enabled
              stopped_count=0, restarted_count=0
 full_count=0

Compilation events (20 events):
Event: 1.985 Thread 0x00000201427a4800  877       3       java.io.DataInputStream::<init> (30 bytes)
Event: 1.985 Thread 0x00000201427a4800 nmethod 877 0x000002012f4d1710 code [0x000002012f4d18e0, 0x000002012f4d1e38]
Event: 1.985 Thread 0x00000201427a4800  878       3       javafx.css.Rule::getSelectors (28 bytes)
Event: 1.985 Thread 0x00000201427a4800 nmethod 878 0x000002012f4d1f90 code [0x000002012f4d2160, 0x000002012f4d2488]
Event: 1.985 Thread 0x00000201427a4800  879       3       javafx.css.Rule$Observables::<init> (6 bytes)
Event: 1.985 Thread 0x00000201427a4800 nmethod 879 0x000002012f4d2610 code [0x000002012f4d27c0, 0x000002012f4d28e8]
Event: 1.985 Thread 0x00000201427a4800  880       3       javafx.css.Rule$Observables::<init> (42 bytes)
Event: 1.987 Thread 0x00000201427a4800 nmethod 880 0x000002012f4d2990 code [0x000002012f4d2c60, 0x000002012f4d3ea8]
Event: 1.987 Thread 0x00000201427a4800  881       3       javafx.css.Rule::getUnobservedSelectorList (23 bytes)
Event: 1.987 Thread 0x00000201427a4800 nmethod 881 0x000002012f4d4410 code [0x000002012f4d45e0, 0x000002012f4d49b8]
Event: 1.987 Thread 0x00000201427a4800  882       3       javafx.css.Rule$Observables$1::<init> (11 bytes)
Event: 1.988 Thread 0x00000201427a4800 nmethod 882 0x000002012f4d4b10 code [0x000002012f4d4d20, 0x000002012f4d5378]
Event: 1.989 Thread 0x0000020142745800 nmethod 869 0x00000201368b5090 code [0x00000201368b5240, 0x00000201368b57b8]
Event: 1.989 Thread 0x00000201427a4800  883       3       java.util.HashMap$TreeNode::<init> (10 bytes)
Event: 1.989 Thread 0x0000020142745800  870   !   4       com.sun.javafx.css.ParsedValueImpl::readBinary (688 bytes)
Event: 1.989 Thread 0x00000201427a4800 nmethod 883 0x000002012f4d5590 code [0x000002012f4d5760, 0x000002012f4d5a98]
Event: 1.990 Thread 0x00000201427a4800  884       3       java.util.HashMap$TreeNode::rotateLeft (91 bytes)
Event: 1.991 Thread 0x00000201427a4800 nmethod 884 0x000002012f4d5b90 code [0x000002012f4d5d60, 0x000002012f4d6258]
Event: 1.993 Thread 0x00000201427a4800  886       3       java.util.concurrent.ConcurrentHashMap$Node::<init> (14 bytes)
Event: 1.994 Thread 0x00000201427a4800 nmethod 886 0x000002012f4d6390 code [0x000002012f4d6560, 0x000002012f4d6838]

GC Heap History (0 events):
No events

Deoptimization events (20 events):
Event: 1.843 Thread 0x0000020143580800 Uncommon trap: trap_request=0xffffff4d fr.pc=0x00000201368ac650 relative=0x0000000000000230
Event: 1.844 Thread 0x0000020143580800 Uncommon trap: reason=unstable_if action=reinterpret pc=0x00000201368ac650 method=java.io.BufferedInputStream.read()I @ 8 c2
Event: 1.844 Thread 0x0000020143580800 DEOPT PACKING pc=0x00000201368ac650 sp=0x000000ce90bf9980
Event: 1.844 Thread 0x0000020143580800 DEOPT UNPACKING pc=0x000002012edd662f sp=0x000000ce90bf9930 mode 2
Event: 1.867 Thread 0x0000020143580800 Uncommon trap: trap_request=0xffffffde fr.pc=0x00000201368acb24 relative=0x00000000000001e4
Event: 1.867 Thread 0x0000020143580800 Uncommon trap: reason=class_check action=maybe_recompile pc=0x00000201368acb24 method=java.io.DataInputStream.readShort()S @ 4 c2
Event: 1.867 Thread 0x0000020143580800 DEOPT PACKING pc=0x00000201368acb24 sp=0x000000ce90bf9d30
Event: 1.867 Thread 0x0000020143580800 DEOPT UNPACKING pc=0x000002012edd662f sp=0x000000ce90bf9d00 mode 2
Event: 1.869 Thread 0x0000020143580800 Uncommon trap: trap_request=0xffffffde fr.pc=0x00000201368acb24 relative=0x00000000000001e4
Event: 1.869 Thread 0x0000020143580800 Uncommon trap: reason=class_check action=maybe_recompile pc=0x00000201368acb24 method=java.io.DataInputStream.readShort()S @ 4 c2
Event: 1.869 Thread 0x0000020143580800 DEOPT PACKING pc=0x00000201368acb24 sp=0x000000ce90bf9ca0
Event: 1.869 Thread 0x0000020143580800 DEOPT UNPACKING pc=0x000002012edd662f sp=0x000000ce90bf9c70 mode 2
Event: 1.883 Thread 0x0000020143580800 Uncommon trap: trap_request=0xffffffde fr.pc=0x00000201368acb24 relative=0x00000000000001e4
Event: 1.883 Thread 0x0000020143580800 Uncommon trap: reason=class_check action=maybe_recompile pc=0x00000201368acb24 method=java.io.DataInputStream.readShort()S @ 4 c2
Event: 1.883 Thread 0x0000020143580800 DEOPT PACKING pc=0x00000201368acb24 sp=0x000000ce90bf9ca0
Event: 1.883 Thread 0x0000020143580800 DEOPT UNPACKING pc=0x000002012edd662f sp=0x000000ce90bf9c70 mode 2
Event: 1.883 Thread 0x0000020143580800 Uncommon trap: trap_request=0xffffffde fr.pc=0x00000201368acb24 relative=0x00000000000001e4
Event: 1.883 Thread 0x0000020143580800 Uncommon trap: reason=class_check action=maybe_recompile pc=0x00000201368acb24 method=java.io.DataInputStream.readShort()S @ 4 c2
Event: 1.883 Thread 0x0000020143580800 DEOPT PACKING pc=0x00000201368acb24 sp=0x000000ce90bf9b50
Event: 1.883 Thread 0x0000020143580800 DEOPT UNPACKING pc=0x000002012edd662f sp=0x000000ce90bf9b20 mode 2

Classes redefined (0 events):
No events

Internal exceptions (20 events):
Event: 0.695 Thread 0x0000020122ebd000 Exception <a 'java/lang/NoSuchMethodError'{0x00000000c5bc4560}: 'java.lang.Object java.lang.invoke.DirectMethodHandle$Holder.invokeStatic(java.lang.Object, java.lang.Object, java.lang.Object, java.lang.Object, java.lang.Object, java.lang.Object, java.lang.Object, java.lang.Object, java.lang.Object, java.lang.Object, java.lang.Object, int, int)'> (0x00000000c5bc4560) thrown at [./src/hotspot/share/interpreter/linkResolver.cpp, line 773]
Event: 0.700 Thread 0x0000020122ebd000 Exception <a 'java/lang/NoSuchMethodError'{0x00000000c5be3d78}: 'java.lang.Object java.lang.invoke.DirectMethodHandle$Holder.invokeStatic(java.lang.Object, java.lang.Object, java.lang.Object, java.lang.Object, java.lang.Object, java.lang.Object, java.lang.Object, java.lang.Object, java.lang.Object, java.lang.Object, java.lang.Object, int, int, java.lang.Object)'> (0x00000000c5be3d78) thrown at [./src/hotspot/share/interpreter/linkResolver.cpp, line 773]
Event: 0.704 Thread 0x0000020122ebd000 Exception <a 'java/lang/NoSuchMethodError'{0x00000000c5a04a28}: 'java.lang.Object java.lang.invoke.DirectMethodHandle$Holder.invokeStatic(java.lang.Object, java.lang.Object, java.lang.Object, java.lang.Object, java.lang.Object, java.lang.Object, java.lang.Object, java.lang.Object, java.lang.Object, java.lang.Object, java.lang.Object, int, int, java.lang.Object, java.lang.Object)'> (0x00000000c5a04a28) thrown at [./src/hotspot/share/interpreter/linkResolver.cpp, line 773]
Event: 1.046 Thread 0x0000020122ebd000 Exception <a 'java/lang/NoSuchMethodError'{0x00000000c5abd458}: 'int java.lang.invoke.DirectMethodHandle$Holder.invokeStaticInit(java.lang.Object, java.lang.Object, java.lang.Object)'> (0x00000000c5abd458) thrown at [./src/hotspot/share/interpreter/linkResolver.cpp, line 773]
Event: 1.059 Thread 0x0000020122ebd000 Exception <a 'java/lang/NoSuchMethodError'{0x00000000c5ac8e68}: 'void java.lang.invoke.DirectMethodHandle$Holder.invokeSpecial(java.lang.Object, java.lang.Object)'> (0x00000000c5ac8e68) thrown at [./src/hotspot/share/interpreter/linkResolver.cpp, line 773]
Event: 1.139 Thread 0x0000020122ebd000 Exception <a 'java/lang/NoSuchMethodError'{0x00000000c59aaeb0}: 'java.lang.Object java.lang.invoke.DirectMethodHandle$Holder.invokeStatic(java.lang.Object, java.lang.Object, int, java.lang.Object)'> (0x00000000c59aaeb0) thrown at [./src/hotspot/share/interpreter/linkResolver.cpp, line 773]
Event: 1.140 Thread 0x0000020122ebd000 Exception <a 'java/lang/NoSuchMethodError'{0x00000000c59b1988}: 'java.lang.Object java.lang.invoke.Invokers$Holder.linkToTargetMethod(java.lang.Object, int, java.lang.Object, java.lang.Object)'> (0x00000000c59b1988) thrown at [./src/hotspot/share/interpreter/linkResolver.cpp, line 773]
Event: 1.268 Thread 0x0000020143580800 Exception <a 'java/lang/NoSuchMethodError'{0x00000000c5823930}: 'void java.lang.invoke.DirectMethodHandle$Holder.invokeStaticInit(java.lang.Object)'> (0x00000000c5823930) thrown at [./src/hotspot/share/interpreter/linkResolver.cpp, line 773]
Event: 1.278 Thread 0x0000020122ebd000 Exception <a 'java/lang/NoSuchMethodError'{0x00000000c59c1810}: 'java.lang.Object java.lang.invoke.Invokers$Holder.linkToTargetMethod(java.lang.Object, java.lang.Object, java.lang.Object, java.lang.Object, java.lang.Object, java.lang.Object)'> (0x00000000c59c1810) thrown at [./src/hotspot/share/interpreter/linkResolver.cpp, line 773]
Event: 1.418 Thread 0x0000020143580800 Exception <a 'java/lang/NoSuchMethodError'{0x00000000c57a8308}: 'java.lang.Object java.lang.invoke.DirectMethodHandle$Holder.invokeStaticInit(java.lang.Object, java.lang.Object, java.lang.Object, java.lang.Object)'> (0x00000000c57a8308) thrown at [./src/hotspot/share/interpreter/linkResolver.cpp, line 773]
Event: 1.454 Thread 0x0000020143580800 Exception <a 'java/lang/NullPointerException'{0x00000000c57b0e68}> (0x00000000c57b0e68) thrown at [./src/hotspot/share/interpreter/linkResolver.cpp, line 1358]
Event: 1.454 Thread 0x0000020143580800 Exception <a 'java/lang/NullPointerException'{0x00000000c57b0e68}> (0x00000000c57b0e68) thrown at [./src/hotspot/share/prims/jvm.cpp, line 1310]
Event: 1.615 Thread 0x0000020143580800 Exception <a 'java/lang/NoSuchMethodError'{0x00000000c57ee538}: 'void java.lang.invoke.DirectMethodHandle$Holder.invokeSpecial(java.lang.Object, java.lang.Object, java.lang.Object, java.lang.Object, java.lang.Object)'> (0x00000000c57ee538) thrown at [./src/hotspot/share/interpreter/linkResolver.cpp, line 773]
Event: 1.678 Thread 0x0000020143580800 Exception <a 'java/lang/NoSuchMethodError'{0x00000000c5662568}: 'java.lang.Object java.lang.invoke.DirectMethodHandle$Holder.invokeStatic(java.lang.Object, java.lang.Object, java.lang.Object, java.lang.Object, java.lang.Object, java.lang.Object, java.lang.Object, java.lang.Object, java.lang.Object, java.lang.Object, java.lang.Object, java.lang.Object, java.lang.Object, java.lang.Object, java.lang.Object)'> (0x00000000c5662568) thrown at [./src/hotspot/share/interpreter/linkResolver.cpp, line 773]
Event: 1.686 Thread 0x0000020143580800 Exception <a 'java/lang/NoSuchMethodError'{0x00000000c5670118}: 'java.lang.Object java.lang.invoke.DirectMethodHandle$Holder.invokeStatic(java.lang.Object, java.lang.Object, java.lang.Object, java.lang.Object, java.lang.Object, java.lang.Object, java.lang.Object, java.lang.Object, java.lang.Object, java.lang.Object, java.lang.Object, java.lang.Object, java.lang.Object, java.lang.Object, java.lang.Object, java.lang.Object)'> (0x00000000c5670118) thrown at [./src/hotspot/share/interpreter/linkResolver.cpp, l
Event: 1.693 Thread 0x0000020143580800 Exception <a 'java/lang/NoSuchMethodError'{0x00000000c567dd88}: 'java.lang.Object java.lang.invoke.DirectMethodHandle$Holder.invokeSpecial(java.lang.Object, java.lang.Object, int, int, java.lang.Object, java.lang.Object, java.lang.Object)'> (0x00000000c567dd88) thrown at [./src/hotspot/share/interpreter/linkResolver.cpp, line 773]
Event: 1.693 Thread 0x0000020143580800 Exception <a 'java/lang/NoSuchMethodError'{0x00000000c5681318}: 'java.lang.Object java.lang.invoke.DelegatingMethodHandle$Holder.reinvoke_L(java.lang.Object, int, int, java.lang.Object, java.lang.Object, java.lang.Object)'> (0x00000000c5681318) thrown at [./src/hotspot/share/interpreter/linkResolver.cpp, line 773]
Event: 1.695 Thread 0x0000020143580800 Exception <a 'java/lang/NoSuchMethodError'{0x00000000c56855a0}: 'java.lang.Object java.lang.invoke.DirectMethodHandle$Holder.invokeStatic(java.lang.Object, java.lang.Object, java.lang.Object, java.lang.Object, int)'> (0x00000000c56855a0) thrown at [./src/hotspot/share/interpreter/linkResolver.cpp, line 773]
Event: 1.996 Thread 0x0000020143580800 Exception <a 'java/lang/NoSuchMethodError'{0x00000000c5360918}: 'void java.lang.invoke.DirectMethodHandle$Holder.invokeStaticInit(java.lang.Object, java.lang.Object)'> (0x00000000c5360918) thrown at [./src/hotspot/share/interpreter/linkResolver.cpp, line 773]
Event: 2.017 Thread 0x0000020143580800 Exception <a 'java/lang/NoSuchMethodError'{0x00000000c53809b8}: 'void java.lang.invoke.DirectMethodHandle$Holder.invokeSpecial(java.lang.Object, java.lang.Object, java.lang.Object, java.lang.Object)'> (0x00000000c53809b8) thrown at [./src/hotspot/share/interpreter/linkResolver.cpp, line 773]

Events (20 events):
Event: 2.001 loading class javafx/beans/Observable
Event: 2.001 loading class javafx/beans/Observable done
Event: 2.001 loading class javafx/scene/layout/Region
Event: 2.001 loading class javafx/scene/layout/Region done
Event: 2.003 loading class java/lang/CloneNotSupportedException
Event: 2.003 loading class java/lang/CloneNotSupportedException done
Event: 2.003 loading class javafx/event/EventDispatchChain
Event: 2.003 loading class javafx/event/EventDispatchChain done
Event: 2.003 loading class javafx/event/EventDispatchChain
Event: 2.003 loading class javafx/event/EventDispatchChain done
Event: 2.003 loading class javafx/event/EventTarget
Event: 2.003 loading class javafx/event/EventTarget done
Event: 2.015 loading class javafx/beans/Observable
Event: 2.015 loading class javafx/beans/Observable done
Event: 2.015 loading class javafx/scene/control/TextInputControl$Content
Event: 2.015 loading class javafx/scene/control/TextInputControl$Content done
Event: 2.017 Executing VM operation: RevokeBias
Event: 2.017 Executing VM operation: RevokeBias done
Event: 2.017 loading class javafx/scene/control/TextInputControl
Event: 2.017 loading class javafx/scene/control/TextInputControl done


Dynamic libraries:
0x00007ff659e50000 - 0x00007ff659e5d000 	D:\Program\BellSoft\JDK11Full\bin\javaw.exe
0x00007ffe54670000 - 0x00007ffe54865000 	C:\WINDOWS\SYSTEM32\ntdll.dll
0x00007ffe52f50000 - 0x00007ffe5300d000 	C:\WINDOWS\System32\KERNEL32.DLL
0x00007ffe522b0000 - 0x00007ffe52578000 	C:\WINDOWS\System32\KERNELBASE.dll
0x00007ffe4f540000 - 0x00007ffe4f5d0000 	C:\WINDOWS\SYSTEM32\apphelp.dll
0x00007ffe51fa0000 - 0x00007ffe520a0000 	C:\WINDOWS\System32\ucrtbase.dll
0x00007ffe4cf30000 - 0x00007ffe4cf47000 	D:\Program\BellSoft\JDK11Full\bin\jli.dll
0x00007ffe531f0000 - 0x00007ffe53390000 	C:\WINDOWS\System32\USER32.dll
0x00007ffe51f70000 - 0x00007ffe51f92000 	C:\WINDOWS\System32\win32u.dll
0x00007ffe541c0000 - 0x00007ffe541ea000 	C:\WINDOWS\System32\GDI32.dll
0x00007ffe520f0000 - 0x00007ffe521fb000 	C:\WINDOWS\System32\gdi32full.dll
0x00007ffe525b0000 - 0x00007ffe5264d000 	C:\WINDOWS\System32\msvcp_win.dll
0x00007ffe4cf50000 - 0x00007ffe4cf65000 	D:\Program\BellSoft\JDK11Full\bin\VCRUNTIME140.dll
0x00007ffe48c20000 - 0x00007ffe48eba000 	C:\WINDOWS\WinSxS\amd64_microsoft.windows.common-controls_6595b64144ccf1df_6.0.19041.844_none_ca00b6081b84eb1d\COMCTL32.dll
0x00007ffe541f0000 - 0x00007ffe5428e000 	C:\WINDOWS\System32\msvcrt.dll
0x00007ffe52f20000 - 0x00007ffe52f50000 	C:\WINDOWS\System32\IMM32.DLL
0x00007ffe38930000 - 0x00007ffe389cb000 	D:\Program\BellSoft\JDK11Full\bin\msvcp140.dll
0x00007ffde99e0000 - 0x00007ffdea52b000 	D:\Program\BellSoft\JDK11Full\bin\server\jvm.dll
0x00007ffe53900000 - 0x00007ffe539ac000 	C:\WINDOWS\System32\ADVAPI32.dll
0x00007ffe526d0000 - 0x00007ffe5276b000 	C:\WINDOWS\System32\sechost.dll
0x00007ffe53010000 - 0x00007ffe5313b000 	C:\WINDOWS\System32\RPCRT4.dll
0x00007ffe53820000 - 0x00007ffe53828000 	C:\WINDOWS\System32\PSAPI.DLL
0x00007ffe3f0f0000 - 0x00007ffe3f0f9000 	C:\WINDOWS\SYSTEM32\WSOCK32.dll
0x00007ffe53890000 - 0x00007ffe538fb000 	C:\WINDOWS\System32\WS2_32.dll
0x00007ffe43b40000 - 0x00007ffe43b67000 	C:\WINDOWS\SYSTEM32\WINMM.dll
0x00007ffe50c40000 - 0x00007ffe50c4a000 	C:\WINDOWS\SYSTEM32\VERSION.dll
0x00007ffe50c00000 - 0x00007ffe50c12000 	C:\WINDOWS\SYSTEM32\kernel.appcore.dll
0x00007ffe422a0000 - 0x00007ffe422b0000 	D:\Program\BellSoft\JDK11Full\bin\verify.dll
0x00007ffe4ca90000 - 0x00007ffe4cc74000 	C:\WINDOWS\SYSTEM32\DBGHELP.DLL
0x00007ffe4ca60000 - 0x00007ffe4ca8c000 	C:\WINDOWS\SYSTEM32\dbgcore.DLL
0x00007ffe52650000 - 0x00007ffe526d0000 	C:\WINDOWS\System32\bcryptPrimitives.dll
0x00007ffe3a900000 - 0x00007ffe3a928000 	D:\Program\BellSoft\JDK11Full\bin\java.dll
0x00007ffe3fde0000 - 0x00007ffe3fdea000 	D:\Program\BellSoft\JDK11Full\bin\jimage.dll
0x00007ffe3f160000 - 0x00007ffe3f177000 	D:\Program\BellSoft\JDK11Full\bin\zip.dll
0x00007ffe52770000 - 0x00007ffe52eb2000 	C:\WINDOWS\System32\SHELL32.dll
0x00007ffe50470000 - 0x00007ffe50c00000 	C:\WINDOWS\SYSTEM32\windows.storage.dll
0x00007ffe53d20000 - 0x00007ffe54075000 	C:\WINDOWS\System32\combase.dll
0x00007ffe517b0000 - 0x00007ffe517dc000 	C:\WINDOWS\SYSTEM32\Wldp.dll
0x00007ffe53140000 - 0x00007ffe531ee000 	C:\WINDOWS\System32\SHCORE.dll
0x00007ffe52ec0000 - 0x00007ffe52f15000 	C:\WINDOWS\System32\shlwapi.dll
0x00007ffe51cf0000 - 0x00007ffe51d0f000 	C:\WINDOWS\SYSTEM32\profapi.dll
0x0000020124f60000 - 0x0000020124f63000 	D:\Program\BellSoft\JDK11Full\bin\api-ms-win-core-console-l1-1-0.dll
0x0000020124f70000 - 0x0000020124f73000 	D:\Program\BellSoft\JDK11Full\bin\api-ms-win-core-console-l1-2-0.dll
0x0000020124f80000 - 0x0000020124f83000 	D:\Program\BellSoft\JDK11Full\bin\api-ms-win-core-datetime-l1-1-0.dll
0x0000020124f90000 - 0x0000020124f93000 	D:\Program\BellSoft\JDK11Full\bin\api-ms-win-core-debug-l1-1-0.dll
0x0000020124fa0000 - 0x0000020124fa3000 	D:\Program\BellSoft\JDK11Full\bin\api-ms-win-core-errorhandling-l1-1-0.dll
0x0000020124fb0000 - 0x0000020124fb4000 	D:\Program\BellSoft\JDK11Full\bin\api-ms-win-core-file-l1-1-0.dll
0x0000020143cb0000 - 0x0000020143cb3000 	D:\Program\BellSoft\JDK11Full\bin\api-ms-win-core-file-l1-2-0.dll
0x0000020143cc0000 - 0x0000020143cc3000 	D:\Program\BellSoft\JDK11Full\bin\api-ms-win-core-file-l2-1-0.dll
0x0000020143cd0000 - 0x0000020143cd3000 	D:\Program\BellSoft\JDK11Full\bin\api-ms-win-core-handle-l1-1-0.dll
0x0000020143ce0000 - 0x0000020143ce3000 	D:\Program\BellSoft\JDK11Full\bin\api-ms-win-core-heap-l1-1-0.dll
0x0000020143cf0000 - 0x0000020143cf3000 	D:\Program\BellSoft\JDK11Full\bin\api-ms-win-core-interlocked-l1-1-0.dll
0x0000020143d00000 - 0x0000020143d03000 	D:\Program\BellSoft\JDK11Full\bin\api-ms-win-core-libraryloader-l1-1-0.dll
0x0000020143d10000 - 0x0000020143d13000 	D:\Program\BellSoft\JDK11Full\bin\api-ms-win-core-localization-l1-2-0.dll
0x0000020143d20000 - 0x0000020143d23000 	D:\Program\BellSoft\JDK11Full\bin\api-ms-win-core-memory-l1-1-0.dll
0x0000020143d30000 - 0x0000020143d33000 	D:\Program\BellSoft\JDK11Full\bin\api-ms-win-core-namedpipe-l1-1-0.dll
0x0000020143d40000 - 0x0000020143d43000 	D:\Program\BellSoft\JDK11Full\bin\api-ms-win-core-processenvironment-l1-1-0.dll
0x0000020143d50000 - 0x0000020143d53000 	D:\Program\BellSoft\JDK11Full\bin\api-ms-win-core-processthreads-l1-1-0.dll
0x0000020143d60000 - 0x0000020143d63000 	D:\Program\BellSoft\JDK11Full\bin\api-ms-win-core-processthreads-l1-1-1.dll
0x0000020143d70000 - 0x0000020143d73000 	D:\Program\BellSoft\JDK11Full\bin\api-ms-win-core-profile-l1-1-0.dll
0x0000020143d80000 - 0x0000020143d83000 	D:\Program\BellSoft\JDK11Full\bin\api-ms-win-core-rtlsupport-l1-1-0.dll
0x0000020143d90000 - 0x0000020143d93000 	D:\Program\BellSoft\JDK11Full\bin\api-ms-win-core-string-l1-1-0.dll
0x0000020143da0000 - 0x0000020143da3000 	D:\Program\BellSoft\JDK11Full\bin\api-ms-win-core-synch-l1-1-0.dll
0x0000020143db0000 - 0x0000020143db3000 	D:\Program\BellSoft\JDK11Full\bin\api-ms-win-core-synch-l1-2-0.dll
0x0000020143dc0000 - 0x0000020143dc3000 	D:\Program\BellSoft\JDK11Full\bin\api-ms-win-core-sysinfo-l1-1-0.dll
0x0000020143dd0000 - 0x0000020143dd3000 	D:\Program\BellSoft\JDK11Full\bin\api-ms-win-core-timezone-l1-1-0.dll
0x0000020143de0000 - 0x0000020143de3000 	D:\Program\BellSoft\JDK11Full\bin\api-ms-win-core-util-l1-1-0.dll
0x0000020143df0000 - 0x0000020143df3000 	D:\Program\BellSoft\JDK11Full\bin\api-ms-win-crt-conio-l1-1-0.dll
0x0000020143e00000 - 0x0000020143e04000 	D:\Program\BellSoft\JDK11Full\bin\api-ms-win-crt-convert-l1-1-0.dll
0x0000020143e10000 - 0x0000020143e13000 	D:\Program\BellSoft\JDK11Full\bin\api-ms-win-crt-environment-l1-1-0.dll
0x0000020143e20000 - 0x0000020143e23000 	D:\Program\BellSoft\JDK11Full\bin\api-ms-win-crt-filesystem-l1-1-0.dll
0x0000020143e30000 - 0x0000020143e33000 	D:\Program\BellSoft\JDK11Full\bin\api-ms-win-crt-heap-l1-1-0.dll
0x0000020143e40000 - 0x0000020143e43000 	D:\Program\BellSoft\JDK11Full\bin\api-ms-win-crt-locale-l1-1-0.dll
0x0000020143e50000 - 0x0000020143e55000 	D:\Program\BellSoft\JDK11Full\bin\api-ms-win-crt-math-l1-1-0.dll
0x0000020143e60000 - 0x0000020143e65000 	D:\Program\BellSoft\JDK11Full\bin\api-ms-win-crt-multibyte-l1-1-0.dll
0x0000020143e70000 - 0x0000020143e80000 	D:\Program\BellSoft\JDK11Full\bin\api-ms-win-crt-private-l1-1-0.dll
0x0000020143e80000 - 0x0000020143e83000 	D:\Program\BellSoft\JDK11Full\bin\api-ms-win-crt-process-l1-1-0.dll
0x0000020143e90000 - 0x0000020143e94000 	D:\Program\BellSoft\JDK11Full\bin\api-ms-win-crt-runtime-l1-1-0.dll
0x0000020143ea0000 - 0x0000020143ea4000 	D:\Program\BellSoft\JDK11Full\bin\api-ms-win-crt-stdio-l1-1-0.dll
0x0000020143eb0000 - 0x0000020143eb4000 	D:\Program\BellSoft\JDK11Full\bin\api-ms-win-crt-string-l1-1-0.dll
0x0000020143ec0000 - 0x0000020143ec3000 	D:\Program\BellSoft\JDK11Full\bin\api-ms-win-crt-time-l1-1-0.dll
0x0000020143ed0000 - 0x0000020143ed3000 	D:\Program\BellSoft\JDK11Full\bin\api-ms-win-crt-utility-l1-1-0.dll
0x00007ffe08940000 - 0x00007ffe08a3c000 	D:\Program\BellSoft\JDK11Full\bin\ucrtbase.dll
0x00007ffe38890000 - 0x00007ffe388e1000 	D:\Program\BellSoft\JDK11Full\bin\concrt140.dll
0x00007ffe49650000 - 0x00007ffe49673000 	D:\Program\BellSoft\JDK11Full\bin\prism_d3d.dll
0x00007ffe1b4a0000 - 0x00007ffe1b66e000 	C:\WINDOWS\system32\d3d9.dll
0x00007ffe4f920000 - 0x00007ffe4f94f000 	C:\WINDOWS\SYSTEM32\dwmapi.dll
0x00007ffe4f640000 - 0x00007ffe4f6de000 	C:\WINDOWS\system32\uxtheme.dll
0x00007ffddf480000 - 0x00007ffde19be000 	C:\WINDOWS\SYSTEM32\igdumdim64.dll
0x00007ffe53b60000 - 0x00007ffe53c2d000 	C:\WINDOWS\System32\OLEAUT32.dll
0x00007ffe539b0000 - 0x00007ffe53ada000 	C:\WINDOWS\System32\ole32.dll
0x00007ffe53390000 - 0x00007ffe537f9000 	C:\WINDOWS\System32\SETUPAPI.dll
0x00007ffe520a0000 - 0x00007ffe520ee000 	C:\WINDOWS\System32\cfgmgr32.dll
0x00007ffe52580000 - 0x00007ffe525a7000 	C:\WINDOWS\System32\bcrypt.dll
0x00007ffe3cc00000 - 0x00007ffe3cc45000 	D:\Program\BellSoft\JDK11Full\bin\glass.dll
0x00007ffe53c30000 - 0x00007ffe53d0a000 	C:\WINDOWS\System32\COMDLG32.dll
0x00007ffe542a0000 - 0x00007ffe543b5000 	C:\WINDOWS\System32\MSCTF.dll
0x00007ffe42b10000 - 0x00007ffe43550000 	C:\WINDOWS\SYSTEM32\igdusc64.dll
0x00007ffe42ad0000 - 0x00007ffe42b0b000 	C:\WINDOWS\SYSTEM32\dxcore.dll
0x00007ffe4c780000 - 0x00007ffe4c794000 	D:\Program\BellSoft\JDK11Full\bin\javafx_font.dll
0x00007ffe43710000 - 0x00007ffe4398f000 	C:\WINDOWS\SYSTEM32\dwrite.dll

dbghelp: loaded successfully - version: 4.0.5 - missing functions: none
symbol engine: initialized successfully - sym options: 0x614 - pdb path: .;D:\Program\BellSoft\JDK11Full\bin;C:\WINDOWS\SYSTEM32;C:\WINDOWS\WinSxS\amd64_microsoft.windows.common-controls_6595b64144ccf1df_6.0.19041.844_none_ca00b6081b84eb1d;D:\Program\BellSoft\JDK11Full\bin\server

VM Arguments:
jvm_args: -Dfile.encoding=Cp1252 
java_command: Shapes
java_class_path (initial): C:\Users\Kaori\OneDrive\Documents\GitHub\York_Java\Week3 Labs\Assessment\bin
Launcher Type: SUN_STANDARD

[Global flags]
     intx CICompilerCount                          = 3                                         {product} {ergonomic}
     uint ConcGCThreads                            = 1                                         {product} {ergonomic}
     uint G1ConcRefinementThreads                  = 4                                         {product} {ergonomic}
   size_t G1HeapRegionSize                         = 1048576                                   {product} {ergonomic}
    uintx GCDrainStackTargetSize                   = 64                                        {product} {ergonomic}
   size_t InitialHeapSize                          = 65011712                                  {product} {ergonomic}
   size_t MarkStackSize                            = 4194304                                   {product} {ergonomic}
   size_t MaxHeapSize                              = 1040187392                                {product} {ergonomic}
   size_t MaxNewSize                               = 623902720                                 {product} {ergonomic}
   size_t MinHeapDeltaBytes                        = 1048576                                   {product} {ergonomic}
    uintx NonNMethodCodeHeapSize                   = 5830732                                {pd product} {ergonomic}
    uintx NonProfiledCodeHeapSize                  = 122913754                              {pd product} {ergonomic}
    uintx ProfiledCodeHeapSize                     = 122913754                              {pd product} {ergonomic}
    uintx ReservedCodeCacheSize                    = 251658240                              {pd product} {ergonomic}
     bool SegmentedCodeCache                       = true                                      {product} {ergonomic}
     bool UseCompressedClassPointers               = true                                 {lp64_product} {ergonomic}
     bool UseCompressedOops                        = true                                 {lp64_product} {ergonomic}
     bool UseG1GC                                  = true                                      {product} {ergonomic}
     bool UseLargePagesIndividualAllocation        = false                                  {pd product} {ergonomic}

Logging:
Log output configuration:
 #0: stdout all=warning uptime,level,tags
 #1: stderr all=off uptime,level,tags

Environment Variables:
JAVA_HOME=D:\Program\BellSoft\JDK11Full\
PATH=D:/Program/BellSoft/JDK11Full/bin/client;D:/Program/BellSoft/JDK11Full/bin;C:/Users/Kaori/AppData/Local/Temp/eoi9A1C.tmp//plugins/org.eclipse.justj.openjdk.hotspot.jre.minimal.stripped.win32.x86_64_15.0.2.v20210201-0955/jre/bin/server;C:/Users/Kaori/AppData/Local/Temp/eoi9A1C.tmp//plugins/org.eclipse.justj.openjdk.hotspot.jre.minimal.stripped.win32.x86_64_15.0.2.v20210201-0955/jre/bin;D:\Program\BellSoft\JDK11Full\bin\;C:\WINDOWS\system32;C:\WINDOWS;C:\WINDOWS\System32\Wbem;C:\WINDOWS\System32\WindowsPowerShell\v1.0\;C:\WINDOWS\System32\OpenSSH\;C:\Program Files\Git\cmd;C:\Users\Kaori\AppData\Local\Microsoft\WindowsApps;C:\Users\Kaori\AppData\Local\GitHubDesktop\bin;D:\Program\PyCharm Community Edition 2020.3.2\bin;;D:\Program\PyCharm 2020.3.2\bin;;C:\Users\Kaori\AppData\Local\Microsoft\WindowsApps;;C:\Users\Kaori\Downloads;;C:\Users\Kaori\Downloads;
USERNAME=Kaori
OS=Windows_NT
PROCESSOR_IDENTIFIER=Intel64 Family 6 Model 60 Stepping 3, GenuineIntel



---------------  S Y S T E M  ---------------

OS: Windows 10 , 64 bit Build 19041 (10.0.19041.928)
OS uptime: 7 days 2:36 hours

CPU:total 4 (initial active 4) (2 cores per cpu, 2 threads per core) family 6 model 60 stepping 3 microcode 0x27, cmov, cx8, fxsr, mmx, sse, sse2, sse3, ssse3, sse4.1, sse4.2, popcnt, avx, avx2, aes, clmul, erms, lzcnt, ht, tsc, tscinvbit, bmi1, bmi2, fma

Memory: 4k page, system-wide physical 3967M (108M free)
TotalPageFile size 16255M (AvailPageFile size 71M)
current process WorkingSet (physical memory assigned to process): 75M, peak: 75M
current process commit charge ("private bytes"): 168M, peak: 168M

vm_info: OpenJDK 64-Bit Server VM (11.0.11+9-LTS) for windows-amd64 JRE (11.0.11+9-LTS), built on Apr 15 2021 17:06:34 by "" with MS VC++ 15.9 (VS2017)

END.
